#
# There is insufficient memory for the Java Runtime Environment to continue.
# Native memory allocation (malloc) failed to allocate 1048576 bytes for AllocateHeap
# Possible reasons:
#   The system is out of physical RAM or swap space
#   In 32 bit mode, the process size limit was hit
# Possible solutions:
#   Reduce memory load on the system
#   Increase physical memory or swap space
#   Check if swap backing store is full
#   Use 64 bit Java on a 64 bit OS
#   Decrease Java heap size (-Xmx/-Xms)
#   Decrease number of Java threads
#   Decrease Java thread stack sizes (-Xss)
#   Set larger code cache with -XX:ReservedCodeCacheSize=
# This output file may be truncated or incomplete.
#
#  Out of Memory Error (memory/allocation.inline.hpp:61), pid=7992, tid=8560
#
# JRE version:  (7.0_45-b18) (build )
# Java VM: Java HotSpot(TM) 64-Bit Server VM (24.45-b08 mixed mode windows-amd64 compressed oops)
# Failed to write core dump. Minidumps are not enabled by default on client versions of Windows
#

---------------  T H R E A D  ---------------

Current thread (0x0000000002b20800):  JavaThread "Unknown thread" [_thread_in_vm, id=8560, stack(0x0000000002a20000,0x0000000002b20000)]

Stack: [0x0000000002a20000,0x0000000002b20000]

---------------  P R O C E S S  ---------------

Java Threads: ( => current thread )

Other Threads:

=>0x0000000002b20800 (exited) JavaThread "Unknown thread" [_thread_in_vm, id=8560, stack(0x0000000002a20000,0x0000000002b20000)]

VM state:not at safepoint (normal execution)

VM Mutex/Monitor currently owned by a thread: None

Heap
 PSYoungGen      total 28672K, used 501K [0x00000000e0b00000, 0x00000000e2a80000, 0x0000000100000000)
  eden space 25088K, 2% used [0x00000000e0b00000,0x00000000e0b7d778,0x00000000e2380000)
  from space 3584K, 0% used [0x00000000e2700000,0x00000000e2700000,0x00000000e2a80000)
  to   space 3584K, 0% used [0x00000000e2380000,0x00000000e2380000,0x00000000e2700000)
 ParOldGen       total 64000K, used 0K [0x00000000a2200000, 0x00000000a6080000, 0x00000000e0b00000)
  object space 64000K, 0% used [0x00000000a2200000,0x00000000a2200000,0x00000000a6080000)
 PSPermGen       total 21504K, used 673K [0x000000009d000000, 0x000000009e500000, 0x00000000a2200000)
  object space 21504K, 3% used [0x000000009d000000,0x000000009d0a8570,0x000000009e500000)

Card table byte_map: [0x0000000005ce0000,0x0000000006000000] byte_map_base: 0x00000000057f8000

Polling page: 0x0000000000d60000

Code Cache  [0x0000000002c20000, 0x0000000002e90000, 0x0000000005c20000)
 total_blobs=38 nmethods=0 adapters=20 free_code_cache=48889Kb largest_free_block=50062528

Compilation events (0 events):
No events

GC Heap History (0 events):
No events

Deoptimization events (0 events):
No events

Internal exceptions (0 events):
No events

Events (10 events):
Event: 0.021 loading class 0x0000000002b6e710
Event: 0.021 loading class 0x0000000002b6e710 done
Event: 0.021 loading class 0x0000000002b6e760
Event: 0.021 loading class 0x0000000002b6e760 done
Event: 0.021 loading class 0x0000000002b6e7b0
Event: 0.021 loading class 0x0000000002b6e7b0 done
Event: 0.022 loading class 0x0000000002b6f510
Event: 0.022 loading class 0x0000000002b6f510 done
Event: 0.022 loading class 0x0000000002b6f130
Event: 0.022 loading class 0x0000000002b6f130 done


Dynamic libraries:
0x00007ff7c1550000 - 0x00007ff7c1583000 	C:\Program Files\Java\jdk1.7.0_45\bin\java.exe
0x00007ffbda7e0000 - 0x00007ffbda986000 	C:\WINDOWS\SYSTEM32\ntdll.dll
0x00007ffbd8540000 - 0x00007ffbd867a000 	C:\WINDOWS\system32\KERNEL32.DLL
0x00007ffbd7f60000 - 0x00007ffbd806f000 	C:\WINDOWS\system32\KERNELBASE.dll
0x00007ffbd6740000 - 0x00007ffbd67c8000 	C:\WINDOWS\system32\apphelp.dll
0x00007ffbd2940000 - 0x00007ffbd298f000 	C:\WINDOWS\AppPatch\AppPatch64\AcGenral.DLL
0x00007ffbd8ac0000 - 0x00007ffbd8b67000 	C:\WINDOWS\system32\msvcrt.dll
0x00007ffbd7910000 - 0x00007ffbd793b000 	C:\WINDOWS\SYSTEM32\SspiCli.dll
0x00007ffbda660000 - 0x00007ffbda6b1000 	C:\WINDOWS\system32\SHLWAPI.dll
0x00007ffbd81b0000 - 0x00007ffbd8321000 	C:\WINDOWS\system32\USER32.dll
0x00007ffbd8dd0000 - 0x00007ffbd8f48000 	C:\WINDOWS\system32\ole32.dll
0x00007ffbd9130000 - 0x00007ffbda53f000 	C:\WINDOWS\system32\SHELL32.dll
0x00007ffbd7140000 - 0x00007ffbd715e000 	C:\WINDOWS\SYSTEM32\USERENV.dll
0x00007ffbd8340000 - 0x00007ffbd83e5000 	C:\WINDOWS\system32\ADVAPI32.dll
0x00007ffbcfef0000 - 0x00007ffbcff0b000 	C:\WINDOWS\SYSTEM32\MPR.dll
0x00007ffbd8070000 - 0x00007ffbd81a7000 	C:\WINDOWS\system32\RPCRT4.dll
0x00007ffbda6c0000 - 0x00007ffbda717000 	C:\WINDOWS\SYSTEM32\sechost.dll
0x00007ffbd8f50000 - 0x00007ffbd9126000 	C:\WINDOWS\SYSTEM32\combase.dll
0x00007ffbd8720000 - 0x00007ffbd8864000 	C:\WINDOWS\system32\GDI32.dll
0x00007ffbd7b60000 - 0x00007ffbd7b74000 	C:\WINDOWS\SYSTEM32\profapi.dll
0x00007ffbd66a0000 - 0x00007ffbd673f000 	C:\WINDOWS\SYSTEM32\SHCORE.dll
0x00007ffbd8a80000 - 0x00007ffbd8ab4000 	C:\WINDOWS\system32\IMM32.DLL
0x00007ffbd83f0000 - 0x00007ffbd8529000 	C:\WINDOWS\system32\MSCTF.dll
0x00007ffbd7b20000 - 0x00007ffbd7b4f000 	C:\Windows\system32\nvinitx.dll
0x000000000f000000 - 0x000000000f006000 	C:\Program Files\NVIDIA Corporation\CoProcManager\_etoured.dll
0x00007ffbd1160000 - 0x00007ffbd1193000 	C:\Program Files\NVIDIA Corporation\CoProcManager\nvd3d9wrapx.dll
0x00007ffbd8870000 - 0x00007ffbd8a44000 	C:\WINDOWS\system32\SETUPAPI.dll
0x00007ffbd7ce0000 - 0x00007ffbd7d2a000 	C:\WINDOWS\system32\CFGMGR32.dll
0x00007ffbd5a30000 - 0x00007ffbd5a53000 	C:\Program Files\NVIDIA Corporation\CoProcManager\nvdxgiwrapx.dll
0x00007ffbd5d40000 - 0x00007ffbd5f9a000 	C:\WINDOWS\WinSxS\amd64_microsoft.windows.common-controls_6595b64144ccf1df_6.0.9600.17031_none_6242a4b3ecbb55a1\COMCTL32.dll
0x000000006c310000 - 0x000000006c3e2000 	C:\Program Files\Java\jdk1.7.0_45\jre\bin\msvcr100.dll
0x000000006c7a0000 - 0x000000006cf69000 	C:\Program Files\Java\jdk1.7.0_45\jre\bin\server\jvm.dll
0x00007ffbd29e0000 - 0x00007ffbd29e9000 	C:\WINDOWS\SYSTEM32\WSOCK32.dll
0x00007ffbd58d0000 - 0x00007ffbd58ef000 	C:\WINDOWS\SYSTEM32\WINMM.dll
0x00007ffbda540000 - 0x00007ffbda547000 	C:\WINDOWS\system32\PSAPI.DLL
0x00007ffbda550000 - 0x00007ffbda5a8000 	C:\WINDOWS\system32\WS2_32.dll
0x00007ffbd57b0000 - 0x00007ffbd57da000 	C:\WINDOWS\SYSTEM32\WINMMBASE.dll
0x00007ffbd8330000 - 0x00007ffbd8339000 	C:\WINDOWS\system32\NSI.dll
0x00007ffbd69c0000 - 0x00007ffbd69e6000 	C:\WINDOWS\SYSTEM32\DEVOBJ.dll
0x000000006c790000 - 0x000000006c79f000 	C:\Program Files\Java\jdk1.7.0_45\jre\bin\verify.dll
0x000000006c760000 - 0x000000006c788000 	C:\Program Files\Java\jdk1.7.0_45\jre\bin\java.dll
0x000000006c740000 - 0x000000006c755000 	C:\Program Files\Java\jdk1.7.0_45\jre\bin\zip.dll

VM Arguments:
java_command: <unknown>
Launcher Type: SUN_STANDARD

Environment Variables:
PATH=C:\Program Files (x86)\NVIDIA Corporation\PhysX\Common;C:\WINDOWS\system32;C:\WINDOWS;C:\WINDOWS\System32\Wbem;C:\WINDOWS\System32\WindowsPowerShell\v1.0\;C:\Program Files\Intel\WiFi\bin\;C:\Program Files\Common Files\Intel\WirelessCommon\;C:\Program Files (x86)\Notepad++;C:\Program Files\Calibre2\;C:\Program Files\nodejs\;C:\Program Files (x86)\JSONBuddy;C:\Program Files\Intel\WiFi\bin\;C:\Program Files\Common Files\Intel\WirelessCommon\;C:\Program Files\MySQL\MySQL Server 5.6\bin;C:\Program Files\Java\jdk1.7.0_45\bin;C:\Users\Alexander\AppData\Local\Apps\cURL\bin;C:\Users\Alexander\AppData\Roaming\npm
USERNAME=Alexander
OS=Windows_NT
PROCESSOR_IDENTIFIER=Intel64 Family 6 Model 58 Stepping 9, GenuineIntel



---------------  S Y S T E M  ---------------

OS: Windows 8 , 64 bit Build 9200 

CPU:total 8 (4 cores per cpu, 2 threads per core) family 6 model 58 stepping 9, cmov, cx8, fxsr, mmx, sse, sse2, sse3, ssse3, sse4.1, sse4.2, popcnt, avx, erms, ht, tsc, tscinvbit, tscinv

Memory: 4k page, physical 6146016k(991788k free), swap 8243168k(11348k free)

vm_info: Java HotSpot(TM) 64-Bit Server VM (24.45-b08) for windows-amd64 JRE (1.7.0_45-b18), built on Oct  8 2013 05:47:22 by "java_re" with unknown MS VC++:1600

time: Tue Nov 11 13:59:47 2014
elapsed time: 0 seconds

