#
# There is insufficient memory for the Java Runtime Environment to continue.
# Native memory allocation (malloc) failed to allocate 131088 bytes for Chunk::new
# Possible reasons:
#   The system is out of physical RAM or swap space
#   In 32 bit mode, the process size limit was hit
# Possible solutions:
#   Reduce memory load on the system
#   Increase physical memory or swap space
#   Check if swap backing store is full
#   Use 64 bit Java on a 64 bit OS
#   Decrease Java heap size (-Xmx/-Xms)
#   Decrease number of Java threads
#   Decrease Java thread stack sizes (-Xss)
#   Set larger code cache with -XX:ReservedCodeCacheSize=
# This output file may be truncated or incomplete.
#
#  Out of Memory Error (allocation.cpp:390), pid=6300, tid=6828
#
# JRE version: Java(TM) SE Runtime Environment (8.0_20-b26) (build 1.8.0_20-b26)
# Java VM: Java HotSpot(TM) 64-Bit Server VM (25.20-b23 mixed mode windows-amd64 compressed oops)
# Failed to write core dump. Minidumps are not enabled by default on client versions of Windows
#

---------------  T H R E A D  ---------------

Current thread (0x0000000008b08000):  JavaThread "C2 CompilerThread0" daemon [_thread_in_native, id=6828, stack(0x00000000090e0000,0x00000000091e0000)]

Stack: [0x00000000090e0000,0x00000000091e0000]
Native frames: (J=compiled Java code, j=interpreted, Vv=VM code, C=native code)
V  [jvm.dll+0x3152fa]


Current CompileTask:
C2: 489566 8251 %     4       java.beans.Introspector::getTargetEventInfo @ 243 (1082 bytes)


---------------  P R O C E S S  ---------------

Java Threads: ( => current thread )
  0x000000000df8b800 JavaThread "Stdin handler" [_thread_blocked, id=5820, stack(0x000000000b690000,0x000000000b790000)]
  0x000000000df8d800 JavaThread "Handler for socket connection at /127.0.0.1:58016 with /127.0.0.1:58141" [_thread_in_native, id=7624, stack(0x000000000b590000,0x000000000b690000)]
  0x000000000df8d000 JavaThread "Daemon Thread 2" [_thread_in_vm, id=9508, stack(0x000000000b490000,0x000000000b590000)]
  0x000000000d945000 JavaThread "File lock request listener" [_thread_in_native, id=6472, stack(0x000000000dd30000,0x000000000de30000)]
  0x0000000009f84000 JavaThread "Incoming local TCP Connector on port 58016" [_thread_in_native, id=1680, stack(0x000000000b190000,0x000000000b290000)]
  0x0000000008b98800 JavaThread "Service Thread" daemon [_thread_blocked, id=10984, stack(0x00000000094e0000,0x00000000095e0000)]
  0x0000000008b17800 JavaThread "C1 CompilerThread3" daemon [_thread_blocked, id=10236, stack(0x00000000093e0000,0x00000000094e0000)]
  0x0000000008b0f000 JavaThread "C2 CompilerThread2" daemon [_thread_blocked, id=6912, stack(0x00000000092e0000,0x00000000093e0000)]
  0x0000000008b0a000 JavaThread "C2 CompilerThread1" daemon [_thread_in_native, id=7744, stack(0x00000000091e0000,0x00000000092e0000)]
=>0x0000000008b08000 JavaThread "C2 CompilerThread0" daemon [_thread_in_native, id=6828, stack(0x00000000090e0000,0x00000000091e0000)]
  0x0000000008b05800 JavaThread "Attach Listener" daemon [_thread_blocked, id=5896, stack(0x0000000008fe0000,0x00000000090e0000)]
  0x0000000008b04800 JavaThread "Signal Dispatcher" daemon [_thread_blocked, id=10784, stack(0x0000000008ee0000,0x0000000008fe0000)]
  0x0000000002fe8800 JavaThread "Finalizer" daemon [_thread_blocked, id=5692, stack(0x00000000089e0000,0x0000000008ae0000)]
  0x0000000002fe2000 JavaThread "Reference Handler" daemon [_thread_blocked, id=5748, stack(0x00000000088e0000,0x00000000089e0000)]
  0x0000000002eee000 JavaThread "main" [_thread_blocked, id=10492, stack(0x0000000002d30000,0x0000000002e30000)]

Other Threads:
  0x0000000006b08800 VMThread [stack: 0x00000000087e0000,0x00000000088e0000] [id=5104]
  0x0000000008b9a800 WatcherThread [stack: 0x00000000095e0000,0x00000000096e0000] [id=5540]

VM state:not at safepoint (normal execution)

VM Mutex/Monitor currently owned by a thread: None

Heap:
 PSYoungGen      total 220160K, used 131638K [0x00000000eab00000, 0x00000000f9e00000, 0x0000000100000000)
  eden space 191488K, 53% used [0x00000000eab00000,0x00000000f0f95b48,0x00000000f6600000)
  from space 28672K, 99% used [0x00000000f8200000,0x00000000f9df8010,0x00000000f9e00000)
  to   space 28672K, 0% used [0x00000000f6600000,0x00000000f6600000,0x00000000f8200000)
 ParOldGen       total 125952K, used 79154K [0x00000000c0000000, 0x00000000c7b00000, 0x00000000eab00000)
  object space 125952K, 62% used [0x00000000c0000000,0x00000000c4d4c900,0x00000000c7b00000)
 Metaspace       used 63045K, capacity 67306K, committed 67416K, reserved 1105920K
  class space    used 8541K, capacity 10006K, committed 10112K, reserved 1048576K

Card table byte_map: [0x00000000033b0000,0x00000000035c0000] byte_map_base: 0x0000000002db0000

Marking Bits: (ParMarkBitMap*) 0x00000000615fb460
 Begin Bits: [0x0000000003f20000, 0x0000000004f20000)
 End Bits:   [0x0000000004f20000, 0x0000000005f20000)

Polling page: 0x0000000000fc0000

CodeCache: size=245760Kb used=27675Kb max_used=27675Kb free=218084Kb
 bounds [0x000000000f010000, 0x0000000010b40000, 0x000000001e010000]
 total_blobs=7642 nmethods=6961 adapters=593
 compilation: enabled

Compilation events (10 events):
Event: 489.519 Thread 0x0000000008b17800 8245       3       org.gradle.model.internal.DefaultModelRegistry$ToModelPath::<init> (5 bytes)
Event: 489.519 Thread 0x0000000008b17800 nmethod 8245 0x0000000010b17e10 code [0x0000000010b17f80, 0x0000000010b18190]
Event: 489.519 Thread 0x0000000008b17800 8246       3       org.gradle.model.internal.DefaultModelRegistry$ToModelPath::<init> (5 bytes)
Event: 489.519 Thread 0x0000000008b17800 nmethod 8246 0x0000000010b03990 code [0x0000000010b03ae0, 0x0000000010b03c90]
Event: 489.519 Thread 0x0000000008b17800 8247       3       com.google.common.collect.EmptyImmutableList::size (2 bytes)
Event: 489.519 Thread 0x0000000008b17800 nmethod 8247 0x0000000010b03650 code [0x0000000010b037a0, 0x0000000010b038f0]
Event: 489.526 Thread 0x0000000008b17800 8253       3       groovy.lang.MetaClassImpl::createStaticSite (50 bytes)
Event: 489.527 Thread 0x0000000008b17800 nmethod 8253 0x0000000010b27890 code [0x0000000010b27a60, 0x0000000010b28238]
Event: 489.529 Thread 0x0000000008b17800 8254       3       org.codehaus.groovy.runtime.MetaClassHelper::sameClasses (74 bytes)
Event: 489.530 Thread 0x0000000008b17800 nmethod 8254 0x0000000010b26e50 code [0x0000000010b26fe0, 0x0000000010b276b0]

GC Heap History (10 events):
Event: 391.862 GC heap before
{Heap before GC invocations=16 (full 3):
 PSYoungGen      total 181248K, used 181217K [0x00000000eab00000, 0x00000000f7480000, 0x0000000100000000)
  eden space 162304K, 100% used [0x00000000eab00000,0x00000000f4980000,0x00000000f4980000)
  from space 18944K, 99% used [0x00000000f6100000,0x00000000f7378570,0x00000000f7380000)
  to   space 22016K, 0% used [0x00000000f4980000,0x00000000f4980000,0x00000000f5f00000)
 ParOldGen       total 125952K, used 38235K [0x00000000c0000000, 0x00000000c7b00000, 0x00000000eab00000)
  object space 125952K, 30% used [0x00000000c0000000,0x00000000c2556ef0,0x00000000c7b00000)
 Metaspace       used 47607K, capacity 49956K, committed 50008K, reserved 1091584K
  class space    used 6421K, capacity 7273K, committed 7296K, reserved 1048576K
Event: 391.884 GC heap after
Heap after GC invocations=16 (full 3):
 PSYoungGen      total 184320K, used 21985K [0x00000000eab00000, 0x00000000f9e00000, 0x0000000100000000)
  eden space 162304K, 0% used [0x00000000eab00000,0x00000000eab00000,0x00000000f4980000)
  from space 22016K, 99% used [0x00000000f4980000,0x00000000f5ef8698,0x00000000f5f00000)
  to   space 28672K, 0% used [0x00000000f8200000,0x00000000f8200000,0x00000000f9e00000)
 ParOldGen       total 125952K, used 47387K [0x00000000c0000000, 0x00000000c7b00000, 0x00000000eab00000)
  object space 125952K, 37% used [0x00000000c0000000,0x00000000c2e46eb8,0x00000000c7b00000)
 Metaspace       used 47607K, capacity 49956K, committed 50008K, reserved 1091584K
  class space    used 6421K, capacity 7273K, committed 7296K, reserved 1048576K
}
Event: 392.172 GC heap before
{Heap before GC invocations=17 (full 3):
 PSYoungGen      total 184320K, used 42805K [0x00000000eab00000, 0x00000000f9e00000, 0x0000000100000000)
  eden space 162304K, 12% used [0x00000000eab00000,0x00000000ebf54fc8,0x00000000f4980000)
  from space 22016K, 99% used [0x00000000f4980000,0x00000000f5ef8698,0x00000000f5f00000)
  to   space 28672K, 0% used [0x00000000f8200000,0x00000000f8200000,0x00000000f9e00000)
 ParOldGen       total 125952K, used 47387K [0x00000000c0000000, 0x00000000c7b00000, 0x00000000eab00000)
  object space 125952K, 37% used [0x00000000c0000000,0x00000000c2e46eb8,0x00000000c7b00000)
 Metaspace       used 48484K, capacity 50910K, committed 51160K, reserved 1093632K
  class space    used 6564K, capacity 7420K, committed 7424K, reserved 1048576K
Event: 392.195 GC heap after
Heap after GC invocations=17 (full 3):
 PSYoungGen      total 220160K, used 1361K [0x00000000eab00000, 0x00000000f9e00000, 0x0000000100000000)
  eden space 191488K, 0% used [0x00000000eab00000,0x00000000eab00000,0x00000000f6600000)
  from space 28672K, 4% used [0x00000000f8200000,0x00000000f83544d0,0x00000000f9e00000)
  to   space 28672K, 0% used [0x00000000f6600000,0x00000000f6600000,0x00000000f8200000)
 ParOldGen       total 125952K, used 67027K [0x00000000c0000000, 0x00000000c7b00000, 0x00000000eab00000)
  object space 125952K, 53% used [0x00000000c0000000,0x00000000c4174ef0,0x00000000c7b00000)
 Metaspace       used 48484K, capacity 50910K, committed 51160K, reserved 1093632K
  class space    used 6564K, capacity 7420K, committed 7424K, reserved 1048576K
}
Event: 392.195 GC heap before
{Heap before GC invocations=18 (full 4):
 PSYoungGen      total 220160K, used 1361K [0x00000000eab00000, 0x00000000f9e00000, 0x0000000100000000)
  eden space 191488K, 0% used [0x00000000eab00000,0x00000000eab00000,0x00000000f6600000)
  from space 28672K, 4% used [0x00000000f8200000,0x00000000f83544d0,0x00000000f9e00000)
  to   space 28672K, 0% used [0x00000000f6600000,0x00000000f6600000,0x00000000f8200000)
 ParOldGen       total 125952K, used 67027K [0x00000000c0000000, 0x00000000c7b00000, 0x00000000eab00000)
  object space 125952K, 53% used [0x00000000c0000000,0x00000000c4174ef0,0x00000000c7b00000)
 Metaspace       used 48484K, capacity 50910K, committed 51160K, reserved 1093632K
  class space    used 6564K, capacity 7420K, committed 7424K, reserved 1048576K
Event: 392.924 GC heap after
Heap after GC invocations=18 (full 4):
 PSYoungGen      total 220160K, used 0K [0x00000000eab00000, 0x00000000f9e00000, 0x0000000100000000)
  eden space 191488K, 0% used [0x00000000eab00000,0x00000000eab00000,0x00000000f6600000)
  from space 28672K, 0% used [0x00000000f8200000,0x00000000f8200000,0x00000000f9e00000)
  to   space 28672K, 0% used [0x00000000f6600000,0x00000000f6600000,0x00000000f8200000)
 ParOldGen       total 125952K, used 64811K [0x00000000c0000000, 0x00000000c7b00000, 0x00000000eab00000)
  object space 125952K, 51% used [0x00000000c0000000,0x00000000c3f4af18,0x00000000c7b00000)
 Metaspace       used 48484K, capacity 50910K, committed 51160K, reserved 1093632K
  class space    used 6564K, capacity 7420K, committed 7424K, reserved 1048576K
}
Event: 434.425 GC heap before
{Heap before GC invocations=19 (full 4):
 PSYoungGen      total 220160K, used 191488K [0x00000000eab00000, 0x00000000f9e00000, 0x0000000100000000)
  eden space 191488K, 100% used [0x00000000eab00000,0x00000000f6600000,0x00000000f6600000)
  from space 28672K, 0% used [0x00000000f8200000,0x00000000f8200000,0x00000000f9e00000)
  to   space 28672K, 0% used [0x00000000f6600000,0x00000000f6600000,0x00000000f8200000)
 ParOldGen       total 125952K, used 64811K [0x00000000c0000000, 0x00000000c7b00000, 0x00000000eab00000)
  object space 125952K, 51% used [0x00000000c0000000,0x00000000c3f4af18,0x00000000c7b00000)
 Metaspace       used 54283K, capacity 57286K, committed 57560K, reserved 1097728K
  class space    used 7359K, capacity 8416K, committed 8448K, reserved 1048576K
Event: 434.451 GC heap after
Heap after GC invocations=19 (full 4):
 PSYoungGen      total 220160K, used 26015K [0x00000000eab00000, 0x00000000f9e00000, 0x0000000100000000)
  eden space 191488K, 0% used [0x00000000eab00000,0x00000000eab00000,0x00000000f6600000)
  from space 28672K, 90% used [0x00000000f6600000,0x00000000f7f67dd0,0x00000000f8200000)
  to   space 28672K, 0% used [0x00000000f8200000,0x00000000f8200000,0x00000000f9e00000)
 ParOldGen       total 125952K, used 64819K [0x00000000c0000000, 0x00000000c7b00000, 0x00000000eab00000)
  object space 125952K, 51% used [0x00000000c0000000,0x00000000c3f4cf18,0x00000000c7b00000)
 Metaspace       used 54283K, capacity 57286K, committed 57560K, reserved 1097728K
  class space    used 7359K, capacity 8416K, committed 8448K, reserved 1048576K
}
Event: 469.594 GC heap before
{Heap before GC invocations=20 (full 4):
 PSYoungGen      total 220160K, used 217503K [0x00000000eab00000, 0x00000000f9e00000, 0x0000000100000000)
  eden space 191488K, 100% used [0x00000000eab00000,0x00000000f6600000,0x00000000f6600000)
  from space 28672K, 90% used [0x00000000f6600000,0x00000000f7f67dd0,0x00000000f8200000)
  to   space 28672K, 0% used [0x00000000f8200000,0x00000000f8200000,0x00000000f9e00000)
 ParOldGen       total 125952K, used 64819K [0x00000000c0000000, 0x00000000c7b00000, 0x00000000eab00000)
  object space 125952K, 51% used [0x00000000c0000000,0x00000000c3f4cf18,0x00000000c7b00000)
 Metaspace       used 60323K, capacity 64032K, committed 64344K, reserved 1103872K
  class space    used 8202K, capacity 9491K, committed 9600K, reserved 1048576K
Event: 469.619 GC heap after
Heap after GC invocations=20 (full 4):
 PSYoungGen      total 220160K, used 28640K [0x00000000eab00000, 0x00000000f9e00000, 0x0000000100000000)
  eden space 191488K, 0% used [0x00000000eab00000,0x00000000eab00000,0x00000000f6600000)
  from space 28672K, 99% used [0x00000000f8200000,0x00000000f9df8010,0x00000000f9e00000)
  to   space 28672K, 0% used [0x00000000f6600000,0x00000000f6600000,0x00000000f8200000)
 ParOldGen       total 125952K, used 79154K [0x00000000c0000000, 0x00000000c7b00000, 0x00000000eab00000)
  object space 125952K, 62% used [0x00000000c0000000,0x00000000c4d4c900,0x00000000c7b00000)
 Metaspace       used 60323K, capacity 64032K, committed 64344K, reserved 1103872K
  class space    used 8202K, capacity 9491K, committed 9600K, reserved 1048576K
}

Deoptimization events (10 events):
Event: 391.857 Thread 0x000000000df8d000 Uncommon trap: reason=bimorphic action=maybe_recompile pc=0x000000001062918c method=java.io.DataOutputStream.writeBytes(Ljava/lang/String;)V @ 22
Event: 391.947 Thread 0x000000000df8d000 Uncommon trap: reason=class_check action=maybe_recompile pc=0x000000000fd426d4 method=java.util.AbstractList$Itr.hasNext()Z @ 8
Event: 391.947 Thread 0x000000000df8d000 Uncommon trap: reason=class_check action=maybe_recompile pc=0x000000000fd49704 method=java.util.AbstractList$Itr.next()Ljava/lang/Object; @ 14
Event: 391.964 Thread 0x000000000df8d000 Uncommon trap: reason=class_check action=maybe_recompile pc=0x000000000fd426d4 method=java.util.AbstractList$Itr.hasNext()Z @ 8
Event: 391.964 Thread 0x000000000df8d000 Uncommon trap: reason=class_check action=maybe_recompile pc=0x000000000fd49704 method=java.util.AbstractList$Itr.next()Ljava/lang/Object; @ 14
Event: 432.038 Thread 0x000000000df8d000 Uncommon trap: reason=null_check action=make_not_entrant pc=0x0000000010670e8c method=java.beans.PropertyDescriptor.findPropertyType(Ljava/lang/reflect/Method;Ljava/lang/reflect/Method;)Ljava/lang/Class; @ 157
Event: 432.039 Thread 0x000000000df8d000 Uncommon trap: reason=null_check action=make_not_entrant pc=0x000000000f530ac0 method=groovy.lang.MetaClassImpl.distanceToObject(Ljava/lang/Class;)I @ 7
Event: 432.321 Thread 0x000000000df8d000 Uncommon trap: reason=null_check action=make_not_entrant pc=0x000000000f5a0648 method=com.sun.org.apache.xerces.internal.utils.XMLLimitAnalyzer.isTracking(Ljava/lang/String;)Z @ 14
Event: 436.292 Thread 0x000000000df8d000 Uncommon trap: reason=unreached action=reinterpret pc=0x000000000f45b340 method=java.util.Arrays.equals([B[B)Z @ 2
Event: 489.207 Thread 0x000000000df8d000 Uncommon trap: reason=predicate action=maybe_recompile pc=0x0000000010ac2594 method=java.util.TimSort.reverseRange([Ljava/lang/Object;II)V @ 8

Internal exceptions (10 events):
Event: 489.530 Thread 0x000000000df8d000 Exception <a 'java/security/PrivilegedActionException'> (0x00000000f0e9db10) thrown at [D:\re\workspace\8-2-build-windows-amd64-cygwin\jdk8u20\1074\hotspot\src\share\vm\prims\jvm.cpp, line 1275]
Event: 489.530 Thread 0x000000000df8d000 Exception <a 'java/security/PrivilegedActionException'> (0x00000000f0e9f0f8) thrown at [D:\re\workspace\8-2-build-windows-amd64-cygwin\jdk8u20\1074\hotspot\src\share\vm\prims\jvm.cpp, line 1275]
Event: 489.530 Thread 0x000000000df8d000 Exception <a 'java/security/PrivilegedActionException'> (0x00000000f0ea8e30) thrown at [D:\re\workspace\8-2-build-windows-amd64-cygwin\jdk8u20\1074\hotspot\src\share\vm\prims\jvm.cpp, line 1275]
Event: 489.530 Thread 0x000000000df8d000 Exception <a 'java/security/PrivilegedActionException'> (0x00000000f0eb1d70) thrown at [D:\re\workspace\8-2-build-windows-amd64-cygwin\jdk8u20\1074\hotspot\src\share\vm\prims\jvm.cpp, line 1275]
Event: 489.530 Thread 0x000000000df8d000 Exception <a 'java/security/PrivilegedActionException'> (0x00000000f0eb6b90) thrown at [D:\re\workspace\8-2-build-windows-amd64-cygwin\jdk8u20\1074\hotspot\src\share\vm\prims\jvm.cpp, line 1275]
Event: 489.530 Thread 0x000000000df8d000 Exception <a 'java/lang/ClassNotFoundException': com/android/builder/core/DefaultApiVersionBeanInfo> (0x00000000f0eb8300) thrown at [D:\re\workspace\8-2-build-windows-amd64-cygwin\jdk8u20\1074\hotspot\src\share\vm\classfile\systemDictionary.cpp, line 202]
Event: 489.531 Thread 0x000000000df8d000 Exception <a 'java/security/PrivilegedActionException'> (0x00000000f0ebd580) thrown at [D:\re\workspace\8-2-build-windows-amd64-cygwin\jdk8u20\1074\hotspot\src\share\vm\prims\jvm.cpp, line 1275]
Event: 489.531 Thread 0x000000000df8d000 Exception <a 'java/security/PrivilegedActionException'> (0x00000000f0ec26a8) thrown at [D:\re\workspace\8-2-build-windows-amd64-cygwin\jdk8u20\1074\hotspot\src\share\vm\prims\jvm.cpp, line 1275]
Event: 489.531 Thread 0x000000000df8d000 Exception <a 'java/lang/ClassNotFoundException': com/android/builder/core/DefaultApiVersionCustomizer> (0x00000000f0ec3e20) thrown at [D:\re\workspace\8-2-build-windows-amd64-cygwin\jdk8u20\1074\hotspot\src\share\vm\classfile\systemDictionary.cpp, line 202éWGŸƒ˜~@
Event: 489.532 Thread 0x000000000df8d000 Exception <a 'java/security/PrivilegedActionException'> (0x00000000f0ee3c38) thrown at [D:\re\workspace\8-2-build-windows-amd64-cygwin\jdk8u20\1074\hotspot\src\share\vm\prims\jvm.cpp, line 1275]

Events (10 events):
Event: 489.526 loading class com/android/sdklib/repository/FullRevisionCustomizer
Event: 489.526 loading class com/android/sdklib/repository/FullRevisionCustomizer done
Event: 489.529 loading class groovy/runtime/metaclass/build_504r4tlv2qpmp9qaet0m75lhdk$_run_closure1_closure3MetaClass
Event: 489.529 loading class groovy/runtime/metaclass/build_504r4tlv2qpmp9qaet0m75lhdk$_run_closure1_closure3MetaClass done
Event: 489.530 loading class groovy/runtime/metaclass/com/android/builder/core/DefaultApiVersionMetaClass
Event: 489.530 loading class groovy/runtime/metaclass/com/android/builder/core/DefaultApiVersionMetaClass done
Event: 489.530 loading class com/android/builder/core/DefaultApiVersionBeanInfo
Event: 489.530 loading class com/android/builder/core/DefaultApiVersionBeanInfo done
Event: 489.531 loading class com/android/builder/core/DefaultApiVersionCustomizer
Event: 489.531 loading class com/android/builder/core/DefaultApiVersionCustomizer done


Dynamic libraries:
0x00007ff7c2080000 - 0x00007ff7c20b4000 	C:\Program Files\Java\jdk1.8.0_20\bin\java.exe
0x00007ffd980e0000 - 0x00007ffd98286000 	C:\WINDOWS\SYSTEM32\ntdll.dll
0x00007ffd949f0000 - 0x00007ffd94b2a000 	C:\WINDOWS\system32\KERNEL32.DLL
0x00007ffd947b0000 - 0x00007ffd948bf000 	C:\WINDOWS\system32\KERNELBASE.dll
0x00007ffd92f30000 - 0x00007ffd92fb8000 	C:\WINDOWS\system32\apphelp.dll
0x00007ffd86ef0000 - 0x00007ffd86f3f000 	C:\WINDOWS\AppPatch\AppPatch64\AcGenral.DLL
0x00007ffd94c50000 - 0x00007ffd94cf7000 	C:\WINDOWS\system32\msvcrt.dll
0x00007ffd94280000 - 0x00007ffd942ab000 	C:\WINDOWS\SYSTEM32\SspiCli.dll
0x00007ffd96c30000 - 0x00007ffd96c81000 	C:\WINDOWS\system32\SHLWAPI.dll
0x00007ffd96760000 - 0x00007ffd968d1000 	C:\WINDOWS\system32\USER32.dll
0x00007ffd94da0000 - 0x00007ffd94f18000 	C:\WINDOWS\system32\ole32.dll
0x00007ffd94f20000 - 0x00007ffd9632f000 	C:\WINDOWS\system32\SHELL32.dll
0x00007ffd93b50000 - 0x00007ffd93b6e000 	C:\WINDOWS\SYSTEM32\USERENV.dll
0x00007ffd94ba0000 - 0x00007ffd94c45000 	C:\WINDOWS\system32\ADVAPI32.dll
0x00007ffd89710000 - 0x00007ffd8972b000 	C:\WINDOWS\SYSTEM32\MPR.dll
0x00007ffd96c90000 - 0x00007ffd96dc7000 	C:\WINDOWS\system32\RPCRT4.dll
0x00007ffd97010000 - 0x00007ffd97067000 	C:\WINDOWS\SYSTEM32\sechost.dll
0x00007ffd96390000 - 0x00007ffd96566000 	C:\WINDOWS\SYSTEM32\combase.dll
0x00007ffd96940000 - 0x00007ffd96a84000 	C:\WINDOWS\system32\GDI32.dll
0x00007ffd94400000 - 0x00007ffd94414000 	C:\WINDOWS\SYSTEM32\profapi.dll
0x00007ffd92fc0000 - 0x00007ffd9305f000 	C:\WINDOWS\SYSTEM32\SHCORE.dll
0x00007ffd96dd0000 - 0x00007ffd96e04000 	C:\WINDOWS\system32\IMM32.DLL
0x00007ffd96ec0000 - 0x00007ffd96ff9000 	C:\WINDOWS\system32\MSCTF.dll
0x00007ffd943c0000 - 0x00007ffd943ef000 	C:\Windows\system32\nvinitx.dll
0x000000000f000000 - 0x000000000f006000 	C:\Program Files\NVIDIA Corporation\CoProcManager\detoured.dll
0x00007ffd92ed0000 - 0x00007ffd92f2f000 	C:\Program Files\NVIDIA Corporation\CoProcManager\nvd3d9wrapx.dll
0x00007ffd96570000 - 0x00007ffd96744000 	C:\WINDOWS\system32\SETUPAPI.dll
0x00007ffd946b0000 - 0x00007ffd946fa000 	C:\WINDOWS\system32\CFGMGR32.dll
0x00007ffd92e70000 - 0x00007ffd92eb6000 	C:\Program Files\NVIDIA Corporation\CoProcManager\nvdxgiwrapx.dll
0x00007ffd92250000 - 0x00007ffd924aa000 	C:\WINDOWS\WinSxS\amd64_microsoft.windows.common-controls_6595b64144ccf1df_6.0.9600.17031_none_6242a4b3ecbb55a1\COMCTL32.dll
0x00000000609a0000 - 0x0000000060a72000 	C:\Program Files\Java\jdk1.8.0_20\jre\bin\msvcr100.dll
0x0000000060e20000 - 0x0000000061678000 	C:\Program Files\Java\jdk1.8.0_20\jre\bin\server\jvm.dll
0x00007ffd8a8f0000 - 0x00007ffd8a8f9000 	C:\WINDOWS\SYSTEM32\WSOCK32.dll
0x00007ffd91e20000 - 0x00007ffd91e3f000 	C:\WINDOWS\SYSTEM32\WINMM.dll
0x00007ffd94b30000 - 0x00007ffd94b37000 	C:\WINDOWS\system32\PSAPI.DLL
0x00007ffd94b40000 - 0x00007ffd94b98000 	C:\WINDOWS\system32\WS2_32.dll
0x00007ffd91de0000 - 0x00007ffd91e0a000 	C:\WINDOWS\SYSTEM32\WINMMBASE.dll
0x00007ffd96750000 - 0x00007ffd96759000 	C:\WINDOWS\system32\NSI.dll
0x00007ffd93260000 - 0x00007ffd93286000 	C:\WINDOWS\SYSTEM32\DEVOBJ.dll
0x0000000060e10000 - 0x0000000060e1f000 	C:\Program Files\Java\jdk1.8.0_20\jre\bin\verify.dll
0x0000000060de0000 - 0x0000000060e08000 	C:\Program Files\Java\jdk1.8.0_20\jre\bin\java.dll
0x0000000060dc0000 - 0x0000000060dd6000 	C:\Program Files\Java\jdk1.8.0_20\jre\bin\zip.dll
0x00007ffd93d50000 - 0x00007ffd93d6e000 	C:\WINDOWS\SYSTEM32\CRYPTSP.dll
0x00007ffd93930000 - 0x00007ffd93965000 	C:\WINDOWS\system32\rsaenh.dll
0x00007ffd93f80000 - 0x00007ffd93fa6000 	C:\WINDOWS\SYSTEM32\bcrypt.dll
0x00007ffd942b0000 - 0x00007ffd94310000 	C:\WINDOWS\system32\bcryptprimitives.dll
0x00007ffd94310000 - 0x00007ffd9431a000 	C:\WINDOWS\SYSTEM32\CRYPTBASE.dll
0x0000000060bb0000 - 0x0000000060bca000 	C:\Program Files\Java\jdk1.8.0_20\jre\bin\net.dll
0x00007ffd93cf0000 - 0x00007ffd93d48000 	C:\WINDOWS\system32\mswsock.dll
0x00007ffd8e7c0000 - 0x00007ffd8e7e9000 	C:\WINDOWS\SYSTEM32\IPHLPAPI.DLL
0x00007ffd8e7b0000 - 0x00007ffd8e7ba000 	C:\WINDOWS\SYSTEM32\WINNSI.DLL
0x00007ffd8d290000 - 0x00007ffd8d2a4000 	C:\WINDOWS\SYSTEM32\dhcpcsvc6.DLL
0x00007ffd8d7e0000 - 0x00007ffd8d7f9000 	C:\WINDOWS\SYSTEM32\dhcpcsvc.DLL
0x0000000060b90000 - 0x0000000060ba1000 	C:\Program Files\Java\jdk1.8.0_20\jre\bin\nio.dll
0x00007ffd88490000 - 0x00007ffd884a2000 	C:\Users\Daniel\AppData\Local\Temp\native-platform3385515660711083981dir\native-platform.dll

VM Arguments:
jvm_args: -XX:MaxPermSize=256m -XX:+HeapDumpOnOutOfMemoryError -Xmx1024m -Dfile.encoding=windows-1252 
java_command: org.gradle.launcher.daemon.bootstrap.GradleDaemon 1.12 C:\Users\Daniel\.gradle\daemon 10800000 9635dcb4-deaa-4e7d-a00d-2ca7034382e1 -XX:MaxPermSize=256m -XX:+HeapDumpOnOutOfMemoryError -Xmx1024m -Dfile.encoding=windows-1252
java_class_path (initial): C:\Users\Daniel\.gradle\wrapper\dists\gradle-1.12-all\2apkk7d25miauqf1pdjp1bm0uo\gradle-1.12\lib\gradle-launcher-1.12.jar
Launcher Type: SUN_STANDARD

Environment Variables:
JAVA_HOME=C:\Program Files\Java\jdk1.8.0_20
PATH=C:\ProgramData\Oracle\Java\javapath;C:\Program Files (x86)\Intel\iCLS Client\;C:\Program Files\Intel\iCLS Client\;C:\Program Files (x86)\NVIDIA Corporation\PhysX\Common;C:\WINDOWS\system32;C:\WINDOWS;C:\WINDOWS\System32\Wbem;C:\WINDOWS\System32\WindowsPowerShell\v1.0\;C:\Program Files (x86)\Windows Live\Shared;C:\Program Files (x86)\Intel\OpenCL SDK\2.0\bin\x86;C:\Program Files (x86)\Intel\OpenCL SDK\2.0\bin\x64;C:\Program Files\Intel\Intel(R) Management Engine Components\DAL;C:\Program Files\Intel\Intel(R) Management Engine Components\IPT;C:\Program Files (x86)\Intel\Intel(R) Management Engine Components\DAL;C:\Program Files (x86)\Intel\Intel(R) Management Engine Components\IPT;C:\Program Files\Intel\WiFi\bin\;C:\Program Files\Common Files\Intel\WirelessCommon\;C:\Program Files (x86)\Git\cmd
USERNAME=Daniel
OS=Windows_NT
PROCESSOR_IDENTIFIER=Intel64 Family 6 Model 58 Stepping 9, GenuineIntel



---------------  S Y S T E M  ---------------

OS: Windows 8.1 , 64 bit Build 9600 

CPU:total 8 (4 cores per cpu, 2 threads per core) family 6 model 58 stepping 9, cmov, cx8, fxsr, mmx, sse, sse2, sse3, ssse3, sse4.1, sse4.2, popcnt, avx, aes, clmul, erms, ht, tsc, tscinvbit, tscinv

Memory: 4k page, physical 8271392k(873632k free), swap 33437216k(4444k free)

vm_info: Java HotSpot(TM) 64-Bit Server VM (25.20-b23) for windows-amd64 JRE (1.8.0_20-b26), built on Jul 30 2014 13:51:23 by "java_re" with MS VC++ 10.0 (VS2010)

time: Fri Nov 21 16:55:51 2014
elapsed time: 489 seconds (0d 0h 8m 9s)

